<?xml version="1.0" encoding="UTF-8"?>
<!-- Generated by org.testng.reporters.JUnitXMLReporter -->
<testsuite hostname="MacBook-Pro" ignored="0" name="Test" tests="6" failures="3" timestamp="2022-09-05T10:24:25 EDT" time="24.509" errors="0">
  <testcase name="invalidLoginError" time="7.08" classname="com.syntax.class02.softAssertionExample">
    <failure type="java.lang.AssertionError" message="The following asserts failed:
	expected [Invalid credential] but found [Invalid credentials],
	expected [Password cannot be] but found [Password cannot be empty]">
      <![CDATA[java.lang.AssertionError: The following asserts failed:
expected [Invalid credential] but found [Invalid credentials],
expected [Password cannot be] but found [Password cannot be empty]
at com.syntax.class02.softAssertionExample.invalidLoginError(softAssertionExample.java:55)
at java.util.ArrayList.forEach(ArrayList.java:1257)
... Removed 29 stack frames]]>
    </failure>
  </testcase> <!-- invalidLoginError -->
  <testcase name="loginFormText" time="0.059" classname="com.syntax.class02.HardAssertionExample">
    <failure type="java.lang.AssertionError" message="Text on the Login panel is not matched expected [LOGIN Panels] but found [LOGIN Panel]">
      <![CDATA[java.lang.AssertionError: Text on the Login panel is not matched expected [LOGIN Panels] but found [LOGIN Panel]
at com.syntax.class02.HardAssertionExample.loginFormText(HardAssertionExample.java:48)
at java.util.ArrayList.forEach(ArrayList.java:1257)
... Removed 32 stack frames]]>
    </failure>
  </testcase> <!-- loginFormText -->
  <testcase name="logoValidation" time="0.089" classname="com.syntax.class02.HardAssertionExample"/>
  <testcase name="titleValidation" time="0.009" classname="com.syntax.class02.HardAssertionExample">
    <failure type="java.lang.AssertionError" message="expected [Human Management Systems] but found [Human Management System]">
      <![CDATA[java.lang.AssertionError: expected [Human Management Systems] but found [Human Management System]
at com.syntax.class02.HardAssertionExample.titleValidation(HardAssertionExample.java:33)
at java.util.ArrayList.forEach(ArrayList.java:1257)
... Removed 33 stack frames]]>
    </failure>
  </testcase> <!-- titleValidation -->
  <testcase name="validLogin" time="2.308" classname="com.syntax.class02.Dependency"/>
  <testcase name="invalidLogin" time="0.23" classname="com.syntax.class02.Dependency"/>
</testsuite> <!-- Test -->
