<?xml version="1.0" encoding="UTF-8"?>
<!-- Generated by org.testng.reporters.JUnitXMLReporter -->
<testsuite hostname="MacBook-Pro" ignored="3" name="Smoke Test" tests="1" failures="0" timestamp="2022-08-25T10:44:53 EDT" time="8.542" errors="0">
  <testcase name="validLogin" time="1.921" classname="com.syntax.class03.GroupsExample"/>
  <testcase name="invalidLogin" time="0.0" classname="com.syntax.class03.GroupsExample">
    <ignored/>
  </testcase> <!-- invalidLogin -->
  <testcase name="multipleLogin" time="0.0" classname="com.syntax.class03.HW">
    <ignored/>
  </testcase> <!-- multipleLogin -->
  <testcase name="multipleLogin" time="0.0" classname="com.syntax.class03.loginPageTest">
    <ignored/>
  </testcase> <!-- multipleLogin -->
</testsuite> <!-- Smoke Test -->
