<?xml version="1.0" encoding="UTF-8"?>
<!-- Generated by org.testng.reporters.JUnitXMLReporter -->
<testsuite hostname="MacBook-Pro" ignored="6" name="Regression Test" tests="5" failures="2" timestamp="2021-10-29T15:27:45 EDT" time="11.975" errors="0">
  <testcase name="titleValidation" time="0.025" classname="com.syntax.class02.issueWithoutAsertion"/>
  <testcase name="invalidLogin" time="0.3" classname="com.syntax.class02.Dependency"/>
  <testcase name="loginFormText" time="0.103" classname="com.syntax.class02.HardAssertionExample">
    <failure type="java.lang.AssertionError" message="Text on the Login panel is not matched expected [LOGIN Panels] but found [LOGIN Panel]">
      <![CDATA[java.lang.AssertionError: Text on the Login panel is not matched expected [LOGIN Panels] but found [LOGIN Panel]
at com.syntax.class02.HardAssertionExample.loginFormText(HardAssertionExample.java:48)
at java.util.ArrayList.forEach(ArrayList.java:1257)
... Removed 32 stack frames]]>
    </failure>
  </testcase> <!-- loginFormText -->
  <testcase name="logoValidation" time="0.107" classname="com.syntax.class02.HardAssertionExample"/>
  <testcase name="titleValidation" time="0.018" classname="com.syntax.class02.HardAssertionExample">
    <failure type="java.lang.AssertionError" message="expected [Human Management Systems] but found [Human Management System]">
      <![CDATA[java.lang.AssertionError: expected [Human Management Systems] but found [Human Management System]
at com.syntax.class02.HardAssertionExample.titleValidation(HardAssertionExample.java:33)
at java.util.ArrayList.forEach(ArrayList.java:1257)
... Removed 33 stack frames]]>
    </failure>
  </testcase> <!-- titleValidation -->
  <testcase name="invalidLoginError" time="0.0" classname="com.syntax.class02.softAssertionExample">
    <ignored/>
  </testcase> <!-- invalidLoginError -->
  <testcase name="validLogin" time="0.0" classname="com.syntax.class02.Dependency">
    <ignored/>
  </testcase> <!-- validLogin -->
  <testcase name="Login" time="0.0" classname="com.syntax.class02.task">
    <ignored/>
  </testcase> <!-- Login -->
  <testcase name="validLogin" time="0.0" classname="com.syntax.class02.issueWithoutAsertion">
    <ignored/>
  </testcase> <!-- validLogin -->
  <testcase name="labelsDisplayed" time="0.0" classname="com.syntax.class02.task">
    <ignored/>
  </testcase> <!-- labelsDisplayed -->
  <testcase name="testMethod" time="0.0" classname="com.syntax.class02.allAnnotation">
    <ignored/>
  </testcase> <!-- testMethod -->
</testsuite> <!-- Regression Test -->
